<?xml version="1.0" encoding="UTF-8"?>
<testsuite name="tests.local.SearchTests" tests="1" skipped="0" failures="0" errors="0" timestamp="2024-09-09T19:28:38" hostname="LACKYTESLYUK" time="40.505">
  <properties/>
  <testcase name="successfulSearchTest()" classname="tests.local.SearchTests" time="40.505"/>
  <system-out><![CDATA[]]></system-out>
  <system-err><![CDATA[]]></system-err>
</testsuite>
